<?xml version="1.0" encoding="UTF-8"?>
<!-- Generated by org.testng.reporters.JUnitReportReporter -->
<testsuite hostname="jhonesLG" failures="0" tests="1" name="com.nopcommerce.demo.testsuite.ElectronicsTest" time="3.502" errors="0" timestamp="2022-12-13T18:00:33 GMT" skipped="0">
  <testcase classname="com.nopcommerce.demo.testsuite.ElectronicsTest" name="verifyUserShouldNavigateToCellPhonesPageSuccessfully" time="3.502"/>
  <system-out>
    <![CDATA[Mouse hover on electronics[[ChromeDriver: chrome on WINDOWS (61e312c5331f479c6eece915feceb8ce)] -> xpath: //div/ul[@class='top-menu notmobile']/li[2]/a[@href='/electronics']]
click on cellphone[[ChromeDriver: chrome on WINDOWS (61e312c5331f479c6eece915feceb8ce)] -> xpath: //body[1]/div[6]/div[2]/ul[1]/li[2]/ul[1]/li[2]/a[1]]
Verify cellphone text[[ChromeDriver: chrome on WINDOWS (61e312c5331f479c6eece915feceb8ce)] -> xpath: //div[@class='page-title']/h1[text() = 'Cell phones']]]]>
  </system-out>
</testsuite> <!-- com.nopcommerce.demo.testsuite.ElectronicsTest -->
