<?xml version="1.0" encoding="UTF-8"?>
<!-- Generated by org.testng.reporters.JUnitReportReporter -->
<testsuite hostname="jhonesLG" failures="0" tests="1" name="com.nopcommerce.demo.testsuite.HomePageTest" time="2.868" errors="0" timestamp="2022-12-13T18:00:33 GMT" skipped="0">
  <testcase classname="com.nopcommerce.demo.testsuite.HomePageTest" name="verifyPageNavigation" time="2.868"/>
  <system-out/>
</testsuite> <!-- com.nopcommerce.demo.testsuite.HomePageTest -->
