<?xml version="1.0" encoding="UTF-8"?>
<!-- Generated by org.testng.reporters.JUnitReportReporter -->
<testsuite hostname="jhonesLG" failures="0" tests="1" name="com.nopcommerce.demo.testsuite.ComputerTest" time="6.735" errors="0" timestamp="2022-12-13T18:00:33 GMT" skipped="0">
  <testcase classname="com.nopcommerce.demo.testsuite.ComputerTest" name="verifyProductArrangeInAlphaBaticalOrder" time="6.735"/>
  <system-out>
    <![CDATA[Click on Desktop[[ChromeDriver: chrome on WINDOWS (a9d3c071ea7c65eb7cc62e03030a3c2c)] -> link text: Desktops]
Select by nameName: Z to A to name field [[ChromeDriver: chrome on WINDOWS (a9d3c071ea7c65eb7cc62e03030a3c2c)] -> name: products-orderby]]]>
  </system-out>
</testsuite> <!-- com.nopcommerce.demo.testsuite.ComputerTest -->
